# JRE version: 7.0_15-b03
# Java VM: Java HotSpot(TM) 64-Bit Server VM (23.7-b01 mixed mode windows-amd64 compressed oops)
Heap
 PSYoungGen      total 283520K, used 29991K [0x00000007d5a00000, 0x00000007e84c0000, 0x0000000800000000)
  eden space 261120K, 7% used [0x00000007d5a00000,0x00000007d6c748f0,0x00000007e5900000)
  from space 22400K, 49% used [0x00000007e6ee0000,0x00000007e79b5558,0x00000007e84c0000)
  to   space 22400K, 0% used [0x00000007e5900000,0x00000007e5900000,0x00000007e6ee0000)
 ParOldGen       total 86784K, used 48834K [0x0000000780e00000, 0x00000007862c0000, 0x00000007d5a00000)
  object space 86784K, 56% used [0x0000000780e00000,0x0000000783db08c0,0x00000007862c0000)
 PSPermGen       total 21248K, used 16373K [0x000000077bc00000, 0x000000077d0c0000, 0x0000000780e00000)
  object space 21248K, 77% used [0x000000077bc00000,0x000000077cbfd798,0x000000077d0c0000)
GC Heap History (10 events):
Event: 22.186 GC heap before
{Heap before GC invocations=4 (full 0):
 PSYoungGen      total 38016K, used 38008K [0x00000007d5a00000, 0x00000007da440000, 0x0000000800000000)
  eden space 32640K, 100% used [0x00000007d5a00000,0x00000007d79e0000,0x00000007d79e0000)
  from space 5376K, 99% used [0x00000007d79e0000,0x00000007d7f1e050,0x00000007d7f20000)
  to   space 5376K, 0% used [0x00000007d9f00000,0x00000007d9f00000,0x00000007da440000)
 ParOldGen       total 86784K, used 21768K [0x0000000780e00000, 0x00000007862c0000, 0x00000007d5a00000)
  object space 86784K, 25% used [0x0000000780e00000,0x0000000782342000,0x00000007862c0000)
 PSPermGen       total 21248K, used 3678K [0x000000077bc00000, 0x000000077d0c0000, 0x0000000780e00000)
  object space 21248K, 17% used [0x000000077bc00000,0x000000077bf97950,0x000000077d0c0000)
Event: 22.196 GC heap after
Heap after GC invocations=4 (full 0):
 PSYoungGen      total 70656K, used 5368K [0x00000007d5a00000, 0x00000007da440000, 0x0000000800000000)
  eden space 65280K, 0% used [0x00000007d5a00000,0x00000007d5a00000,0x00000007d99c0000)
  from space 5376K, 99% used [0x00000007d9f00000,0x00000007da43e030,0x00000007da440000)
  to   space 5376K, 0% used [0x00000007d99c0000,0x00000007d99c0000,0x00000007d9f00000)
 ParOldGen       total 86784K, used 30176K [0x0000000780e00000, 0x00000007862c0000, 0x00000007d5a00000)
  object space 86784K, 34% used [0x0000000780e00000,0x0000000782b78000,0x00000007862c0000)
 PSPermGen       total 21248K, used 3678K [0x000000077bc00000, 0x000000077d0c0000, 0x0000000780e00000)
  object space 21248K, 17% used [0x000000077bc00000,0x000000077bf97950,0x000000077d0c0000)
}
Event: 22.309 GC heap before
{Heap before GC invocations=5 (full 0):
 PSYoungGen      total 70656K, used 70648K [0x00000007d5a00000, 0x00000007da440000, 0x0000000800000000)
  eden space 65280K, 100% used [0x00000007d5a00000,0x00000007d99c0000,0x00000007d99c0000)
  from space 5376K, 99% used [0x00000007d9f00000,0x00000007da43e030,0x00000007da440000)
  to   space 5376K, 0% used [0x00000007d99c0000,0x00000007d99c0000,0x00000007d9f00000)
 ParOldGen       total 86784K, used 30176K [0x0000000780e00000, 0x00000007862c0000, 0x00000007d5a00000)
  object space 86784K, 34% used [0x0000000780e00000,0x0000000782b78000,0x00000007862c0000)
 PSPermGen       total 21248K, used 3678K [0x000000077bc00000, 0x000000077d0c0000, 0x0000000780e00000)
  object space 21248K, 17% used [0x000000077bc00000,0x000000077bf97b00,0x000000077d0c0000)
Event: 22.324 GC heap after
Heap after GC invocations=5 (full 0):
 PSYoungGen      total 70656K, used 5368K [0x00000007d5a00000, 0x00000007e0080000, 0x0000000800000000)
  eden space 65280K, 0% used [0x00000007d5a00000,0x00000007d5a00000,0x00000007d99c0000)
  from space 5376K, 99% used [0x00000007d99c0000,0x00000007d9efe030,0x00000007d9f00000)
  to   space 19968K, 0% used [0x00000007ded00000,0x00000007ded00000,0x00000007e0080000)
 ParOldGen       total 86784K, used 44681K [0x0000000780e00000, 0x00000007862c0000, 0x00000007d5a00000)
  object space 86784K, 51% used [0x0000000780e00000,0x00000007839a27f0,0x00000007862c0000)
 PSPermGen       total 21248K, used 3678K [0x000000077bc00000, 0x000000077d0c0000, 0x0000000780e00000)
  object space 21248K, 17% used [0x000000077bc00000,0x000000077bf97b00,0x000000077d0c0000)
}
Event: 23.098 GC heap before
{Heap before GC invocations=6 (full 0):
 PSYoungGen      total 70656K, used 70648K [0x00000007d5a00000, 0x00000007e0080000, 0x0000000800000000)
  eden space 65280K, 100% used [0x00000007d5a00000,0x00000007d99c0000,0x00000007d99c0000)
  from space 5376K, 99% used [0x00000007d99c0000,0x00000007d9efe030,0x00000007d9f00000)
  to   space 19968K, 0% used [0x00000007ded00000,0x00000007ded00000,0x00000007e0080000)
 ParOldGen       total 86784K, used 44681K [0x0000000780e00000, 0x00000007862c0000, 0x00000007d5a00000)
  object space 86784K, 51% used [0x0000000780e00000,0x00000007839a27f0,0x00000007862c0000)
 PSPermGen       total 21248K, used 11492K [0x000000077bc00000, 0x000000077d0c0000, 0x0000000780e00000)
  object space 21248K, 54% used [0x000000077bc00000,0x000000077c7390f8,0x000000077d0c0000)
Event: 23.108 GC heap after
Heap after GC invocations=6 (full 0):
 PSYoungGen      total 150528K, used 15824K [0x00000007d5a00000, 0x00000007e0080000, 0x0000000800000000)
  eden space 130560K, 0% used [0x00000007d5a00000,0x00000007d5a00000,0x00000007dd980000)
  from space 19968K, 79% used [0x00000007ded00000,0x00000007dfc74340,0x00000007e0080000)
  to   space 19968K, 0% used [0x00000007dd980000,0x00000007dd980000,0x00000007ded00000)
 ParOldGen       total 86784K, used 44689K [0x0000000780e00000, 0x00000007862c0000, 0x00000007d5a00000)
  object space 86784K, 51% used [0x0000000780e00000,0x00000007839a47f0,0x00000007862c0000)
 PSPermGen       total 21248K, used 11492K [0x000000077bc00000, 0x000000077d0c0000, 0x0000000780e00000)
  object space 21248K, 54% used [0x000000077bc00000,0x000000077c7390f8,0x000000077d0c0000)
}
Event: 39.362 GC heap before
{Heap before GC invocations=7 (full 0):
 PSYoungGen      total 150528K, used 146384K [0x00000007d5a00000, 0x00000007e0080000, 0x0000000800000000)
  eden space 130560K, 100% used [0x00000007d5a00000,0x00000007dd980000,0x00000007dd980000)
  from space 19968K, 79% used [0x00000007ded00000,0x00000007dfc74340,0x00000007e0080000)
  to   space 19968K, 0% used [0x00000007dd980000,0x00000007dd980000,0x00000007ded00000)
 ParOldGen       total 86784K, used 44689K [0x0000000780e00000, 0x00000007862c0000, 0x00000007d5a00000)
  object space 86784K, 51% used [0x0000000780e00000,0x00000007839a47f0,0x00000007862c0000)
 PSPermGen       total 21248K, used 16152K [0x000000077bc00000, 0x000000077d0c0000, 0x0000000780e00000)
  object space 21248K, 76% used [0x000000077bc00000,0x000000077cbc6028,0x000000077d0c0000)
Event: 39.379 GC heap after
Heap after GC invocations=7 (full 0):
 PSYoungGen      total 150528K, used 19943K [0x00000007d5a00000, 0x00000007e84c0000, 0x0000000800000000)
  eden space 130560K, 0% used [0x00000007d5a00000,0x00000007d5a00000,0x00000007dd980000)
  from space 19968K, 99% used [0x00000007dd980000,0x00000007decf9dc0,0x00000007ded00000)
  to   space 22400K, 0% used [0x00000007e6ee0000,0x00000007e6ee0000,0x00000007e84c0000)
 ParOldGen       total 86784K, used 45699K [0x0000000780e00000, 0x00000007862c0000, 0x00000007d5a00000)
  object space 86784K, 52% used [0x0000000780e00000,0x0000000783aa0e50,0x00000007862c0000)
 PSPermGen       total 21248K, used 16152K [0x000000077bc00000, 0x000000077d0c0000, 0x0000000780e00000)
  object space 21248K, 76% used [0x000000077bc00000,0x000000077cbc6028,0x000000077d0c0000)
}
Event: 950.203 GC heap before
{Heap before GC invocations=8 (full 0):
 PSYoungGen      total 150528K, used 150503K [0x00000007d5a00000, 0x00000007e84c0000, 0x0000000800000000)
  eden space 130560K, 100% used [0x00000007d5a00000,0x00000007dd980000,0x00000007dd980000)
  from space 19968K, 99% used [0x00000007dd980000,0x00000007decf9dc0,0x00000007ded00000)
  to   space 22400K, 0% used [0x00000007e6ee0000,0x00000007e6ee0000,0x00000007e84c0000)
 ParOldGen       total 86784K, used 45699K [0x0000000780e00000, 0x00000007862c0000, 0x00000007d5a00000)
  object space 86784K, 52% used [0x0000000780e00000,0x0000000783aa0e50,0x00000007862c0000)
 PSPermGen       total 21248K, used 16326K [0x000000077bc00000, 0x000000077d0c0000, 0x0000000780e00000)
  object space 21248K, 76% used [0x000000077bc00000,0x000000077cbf1a68,0x000000077d0c0000)
Event: 950.215 GC heap after
Heap after GC invocations=8 (full 0):
 PSYoungGen      total 283520K, used 11093K [0x00000007d5a00000, 0x00000007e84c0000, 0x0000000800000000)
  eden space 261120K, 0% used [0x00000007d5a00000,0x00000007d5a00000,0x00000007e5900000)
  from space 22400K, 49% used [0x00000007e6ee0000,0x00000007e79b5558,0x00000007e84c0000)
  to   space 22400K, 0% used [0x00000007e5900000,0x00000007e5900000,0x00000007e6ee0000)
 ParOldGen       total 86784K, used 48834K [0x0000000780e00000, 0x00000007862c0000, 0x00000007d5a00000)
  object space 86784K, 56% used [0x0000000780e00000,0x0000000783db08c0,0x00000007862c0000)
 PSPermGen       total 21248K, used 16326K [0x000000077bc00000, 0x000000077d0c0000, 0x0000000780e00000)
  object space 21248K, 76% used [0x000000077bc00000,0x000000077cbf1a68,0x000000077d0c0000)
}

